file Z:\Projects\Cyberspace\yolk_repo\submodules\mongo-cxx\SConstruct,line 70:
	Configure(confdir = .sconf_temp)
scons: Configure: Checking for C++ library boost_thread-mt... 
scons: Configure: ".sconf_temp\conftest_0.cpp" is up to date.
scons: Configure: The original builder output was:
  |.sconf_temp\conftest_0.cpp <-
  |  |
  |  |
  |  |
  |  |int
  |  |main() {
  |  |  
  |  |return 0;
  |  |}
  |  |
  |
scons: Configure: ".sconf_temp\conftest_0.obj" is up to date.
scons: Configure: The original builder output was:
  |cl /Fo.sconf_temp\conftest_0.obj /c .sconf_temp\conftest_0.cpp /TP /nologo /EHsc /O2 /D_SCONS /DMONGO_EXPOSE_MACROS /Ibuild /Ibuild\mongo
  |
scons: Configure: Building ".sconf_temp\conftest_0.exe" failed in a previous run and all its sources are up to date.
scons: Configure: The original builder output was:
  |link /nologo /OUT:.sconf_temp\conftest_0.exe boost_thread-mt.lib .sconf_temp\conftest_0.obj
  |
scons: Configure: (cached) no

scons: Configure: Checking for C++ library boost_thread... 
scons: Configure: ".sconf_temp\conftest_1.cpp" is up to date.
scons: Configure: The original builder output was:
  |.sconf_temp\conftest_1.cpp <-
  |  |
  |  |
  |  |
  |  |int
  |  |main() {
  |  |  
  |  |return 0;
  |  |}
  |  |
  |
scons: Configure: ".sconf_temp\conftest_1.obj" is up to date.
scons: Configure: The original builder output was:
  |cl /Fo.sconf_temp\conftest_1.obj /c .sconf_temp\conftest_1.cpp /TP /nologo /EHsc /O2 /D_SCONS /DMONGO_EXPOSE_MACROS /Ibuild /Ibuild\mongo
  |
scons: Configure: Building ".sconf_temp\conftest_1.exe" failed in a previous run and all its sources are up to date.
scons: Configure: The original builder output was:
  |link /nologo /OUT:.sconf_temp\conftest_1.exe boost_thread.lib .sconf_temp\conftest_1.obj
  |
scons: Configure: (cached) no

scons: Configure: Checking for C++ library boost_filesystem-mt... 
scons: Configure: ".sconf_temp\conftest_2.cpp" is up to date.
scons: Configure: The original builder output was:
  |.sconf_temp\conftest_2.cpp <-
  |  |
  |  |
  |  |
  |  |int
  |  |main() {
  |  |  
  |  |return 0;
  |  |}
  |  |
  |
scons: Configure: ".sconf_temp\conftest_2.obj" is up to date.
scons: Configure: The original builder output was:
  |cl /Fo.sconf_temp\conftest_2.obj /c .sconf_temp\conftest_2.cpp /TP /nologo /EHsc /O2 /D_SCONS /DMONGO_EXPOSE_MACROS /Ibuild /Ibuild\mongo
  |
scons: Configure: Building ".sconf_temp\conftest_2.exe" failed in a previous run and all its sources are up to date.
scons: Configure: The original builder output was:
  |link /nologo /OUT:.sconf_temp\conftest_2.exe boost_filesystem-mt.lib .sconf_temp\conftest_2.obj
  |
scons: Configure: (cached) no

scons: Configure: Checking for C++ library boost_filesystem... 
scons: Configure: ".sconf_temp\conftest_3.cpp" is up to date.
scons: Configure: The original builder output was:
  |.sconf_temp\conftest_3.cpp <-
  |  |
  |  |
  |  |
  |  |int
  |  |main() {
  |  |  
  |  |return 0;
  |  |}
  |  |
  |
scons: Configure: ".sconf_temp\conftest_3.obj" is up to date.
scons: Configure: The original builder output was:
  |cl /Fo.sconf_temp\conftest_3.obj /c .sconf_temp\conftest_3.cpp /TP /nologo /EHsc /O2 /D_SCONS /DMONGO_EXPOSE_MACROS /Ibuild /Ibuild\mongo
  |
scons: Configure: Building ".sconf_temp\conftest_3.exe" failed in a previous run and all its sources are up to date.
scons: Configure: The original builder output was:
  |link /nologo /OUT:.sconf_temp\conftest_3.exe boost_filesystem.lib .sconf_temp\conftest_3.obj
  |
scons: Configure: (cached) no

scons: Configure: Checking for C++ library boost_system-mt... 
scons: Configure: ".sconf_temp\conftest_4.cpp" is up to date.
scons: Configure: The original builder output was:
  |.sconf_temp\conftest_4.cpp <-
  |  |
  |  |
  |  |
  |  |int
  |  |main() {
  |  |  
  |  |return 0;
  |  |}
  |  |
  |
scons: Configure: ".sconf_temp\conftest_4.obj" is up to date.
scons: Configure: The original builder output was:
  |cl /Fo.sconf_temp\conftest_4.obj /c .sconf_temp\conftest_4.cpp /TP /nologo /EHsc /O2 /D_SCONS /DMONGO_EXPOSE_MACROS /Ibuild /Ibuild\mongo
  |
scons: Configure: Building ".sconf_temp\conftest_4.exe" failed in a previous run and all its sources are up to date.
scons: Configure: The original builder output was:
  |link /nologo /OUT:.sconf_temp\conftest_4.exe boost_system-mt.lib .sconf_temp\conftest_4.obj
  |
scons: Configure: (cached) no

scons: Configure: Checking for C++ library boost_system... 
scons: Configure: ".sconf_temp\conftest_5.cpp" is up to date.
scons: Configure: The original builder output was:
  |.sconf_temp\conftest_5.cpp <-
  |  |
  |  |
  |  |
  |  |int
  |  |main() {
  |  |  
  |  |return 0;
  |  |}
  |  |
  |
scons: Configure: ".sconf_temp\conftest_5.obj" is up to date.
scons: Configure: The original builder output was:
  |cl /Fo.sconf_temp\conftest_5.obj /c .sconf_temp\conftest_5.cpp /TP /nologo /EHsc /O2 /D_SCONS /DMONGO_EXPOSE_MACROS /Ibuild /Ibuild\mongo
  |
scons: Configure: Building ".sconf_temp\conftest_5.exe" failed in a previous run and all its sources are up to date.
scons: Configure: The original builder output was:
  |link /nologo /OUT:.sconf_temp\conftest_5.exe boost_system.lib .sconf_temp\conftest_5.obj
  |
scons: Configure: (cached) no


